[ERROR] 2025-12-20 00:45:39
Message: Uygulama hatası
Exception: HttpAntiForgeryException
Message: The anti-forgery token could not be decrypted. If this application is hosted by a Web Farm or cluster, ensure that all machines are running the same version of ASP.NET Web Pages and that the <machineKey> configuration specifies explicit encryption and validation keys. AutoGenerate cannot be used in a cluster.
StackTrace:    konum: System.Web.Helpers.AntiXsrf.AntiForgeryTokenSerializer.Deserialize(String serializedToken)
   konum: System.Web.Helpers.AntiXsrf.AntiForgeryWorker.Validate(HttpContextBase httpContext)
   konum: System.Web.Mvc.ControllerActionInvoker.InvokeAuthorizationFilters(ControllerContext controllerContext, IList`1 filters, ActionDescriptor actionDescriptor)
   konum: System.Web.Mvc.Async.AsyncControllerActionInvoker.<>c__DisplayClass3_0.<BeginInvokeAction>b__0(AsyncCallback asyncCallback, Object asyncState)
   konum: System.Web.Mvc.Async.AsyncResultWrapper.WrappedAsyncResultBase`1.Begin(AsyncCallback callback, Object state, Int32 timeout)
   konum: System.Web.Mvc.Async.AsyncControllerActionInvoker.BeginInvokeAction(ControllerContext controllerContext, String actionName, AsyncCallback callback, Object state)
   konum: System.Web.Mvc.Controller.<>c.<BeginExecuteCore>b__152_0(AsyncCallback asyncCallback, Object asyncState, ExecuteCoreState innerState)
   konum: System.Web.Mvc.Async.AsyncResultWrapper.WrappedAsyncVoid`1.CallBeginDelegate(AsyncCallback callback, Object callbackState)
   konum: System.Web.Mvc.Async.AsyncResultWrapper.WrappedAsyncResultBase`1.Begin(AsyncCallback callback, Object state, Int32 timeout)
   konum: System.Web.Mvc.Controller.BeginExecuteCore(AsyncCallback callback, Object state)
   konum: System.Web.Mvc.Async.AsyncResultWrapper.WrappedAsyncResultBase`1.Begin(AsyncCallback callback, Object state, Int32 timeout)
   konum: System.Web.Mvc.Controller.BeginExecute(RequestContext requestContext, AsyncCallback callback, Object state)
   konum: System.Web.Mvc.MvcHandler.<>c.<BeginProcessRequest>b__20_0(AsyncCallback asyncCallback, Object asyncState, ProcessRequestState innerState)
   konum: System.Web.Mvc.Async.AsyncResultWrapper.WrappedAsyncVoid`1.CallBeginDelegate(AsyncCallback callback, Object callbackState)
   konum: System.Web.Mvc.Async.AsyncResultWrapper.WrappedAsyncResultBase`1.Begin(AsyncCallback callback, Object state, Int32 timeout)
   konum: System.Web.Mvc.MvcHandler.BeginProcessRequest(HttpContextBase httpContext, AsyncCallback callback, Object state)
   konum: System.Web.HttpApplication.CallHandlerExecutionStep.System.Web.HttpApplication.IExecutionStep.Execute()
   konum: System.Web.HttpApplication.ExecuteStepImpl(IExecutionStep step)
   konum: System.Web.HttpApplication.ExecuteStep(IExecutionStep step, Boolean& completedSynchronously)
--------------------------------------------------------------------------------

[ERROR] 2025-12-20 00:45:39
Message: Uygulama hatası
Exception: HttpException
Message: The controller for path '/Error' was not found or does not implement IController.
StackTrace:    konum: System.Web.Mvc.DefaultControllerFactory.GetControllerInstance(RequestContext requestContext, Type controllerType)
   konum: System.Web.Mvc.MvcHandler.ProcessRequestInit(HttpContextBase httpContext, IController& controller, IControllerFactory& factory)
   konum: System.Web.Mvc.MvcHandler.BeginProcessRequest(HttpContextBase httpContext, AsyncCallback callback, Object state)
   konum: System.Web.HttpApplication.CallHandlerExecutionStep.System.Web.HttpApplication.IExecutionStep.Execute()
   konum: System.Web.HttpApplication.ExecuteStepImpl(IExecutionStep step)
   konum: System.Web.HttpApplication.ExecuteStep(IExecutionStep step, Boolean& completedSynchronously)
--------------------------------------------------------------------------------

[ERROR] 2025-12-20 00:45:39
Message: Uygulama hatası
Exception: HttpException
Message: The controller for path '/Error' was not found or does not implement IController.
StackTrace:    konum: System.Web.Mvc.DefaultControllerFactory.GetControllerInstance(RequestContext requestContext, Type controllerType)
   konum: System.Web.Mvc.MvcHandler.ProcessRequestInit(HttpContextBase httpContext, IController& controller, IControllerFactory& factory)
   konum: System.Web.Mvc.MvcHandler.BeginProcessRequest(HttpContextBase httpContext, AsyncCallback callback, Object state)
   konum: System.Web.HttpApplication.CallHandlerExecutionStep.System.Web.HttpApplication.IExecutionStep.Execute()
   konum: System.Web.HttpApplication.ExecuteStepImpl(IExecutionStep step)
   konum: System.Web.HttpApplication.ExecuteStep(IExecutionStep step, Boolean& completedSynchronously)
--------------------------------------------------------------------------------

[ERROR] 2025-12-20 00:45:39
Message: Uygulama hatası
Exception: HttpException
Message: The controller for path '/Error' was not found or does not implement IController.
StackTrace:    konum: System.Web.Mvc.DefaultControllerFactory.GetControllerInstance(RequestContext requestContext, Type controllerType)
   konum: System.Web.Mvc.MvcHandler.ProcessRequestInit(HttpContextBase httpContext, IController& controller, IControllerFactory& factory)
   konum: System.Web.Mvc.MvcHandler.BeginProcessRequest(HttpContextBase httpContext, AsyncCallback callback, Object state)
   konum: System.Web.HttpApplication.CallHandlerExecutionStep.System.Web.HttpApplication.IExecutionStep.Execute()
   konum: System.Web.HttpApplication.ExecuteStepImpl(IExecutionStep step)
   konum: System.Web.HttpApplication.ExecuteStep(IExecutionStep step, Boolean& completedSynchronously)
--------------------------------------------------------------------------------

[ERROR] 2025-12-20 00:45:39
Message: Uygulama hatası
Exception: HttpException
Message: The controller for path '/Error' was not found or does not implement IController.
StackTrace:    konum: System.Web.Mvc.DefaultControllerFactory.GetControllerInstance(RequestContext requestContext, Type controllerType)
   konum: System.Web.Mvc.MvcHandler.ProcessRequestInit(HttpContextBase httpContext, IController& controller, IControllerFactory& factory)
   konum: System.Web.Mvc.MvcHandler.BeginProcessRequest(HttpContextBase httpContext, AsyncCallback callback, Object state)
   konum: System.Web.HttpApplication.CallHandlerExecutionStep.System.Web.HttpApplication.IExecutionStep.Execute()
   konum: System.Web.HttpApplication.ExecuteStepImpl(IExecutionStep step)
   konum: System.Web.HttpApplication.ExecuteStep(IExecutionStep step, Boolean& completedSynchronously)
--------------------------------------------------------------------------------

[ERROR] 2025-12-20 00:45:39
Message: Uygulama hatası
Exception: HttpException
Message: The controller for path '/Error' was not found or does not implement IController.
StackTrace:    konum: System.Web.Mvc.DefaultControllerFactory.GetControllerInstance(RequestContext requestContext, Type controllerType)
   konum: System.Web.Mvc.MvcHandler.ProcessRequestInit(HttpContextBase httpContext, IController& controller, IControllerFactory& factory)
   konum: System.Web.Mvc.MvcHandler.BeginProcessRequest(HttpContextBase httpContext, AsyncCallback callback, Object state)
   konum: System.Web.HttpApplication.CallHandlerExecutionStep.System.Web.HttpApplication.IExecutionStep.Execute()
   konum: System.Web.HttpApplication.ExecuteStepImpl(IExecutionStep step)
   konum: System.Web.HttpApplication.ExecuteStep(IExecutionStep step, Boolean& completedSynchronously)
--------------------------------------------------------------------------------

[ERROR] 2025-12-20 00:45:39
Message: Uygulama hatası
Exception: HttpException
Message: The controller for path '/Error' was not found or does not implement IController.
StackTrace:    konum: System.Web.Mvc.DefaultControllerFactory.GetControllerInstance(RequestContext requestContext, Type controllerType)
   konum: System.Web.Mvc.MvcHandler.ProcessRequestInit(HttpContextBase httpContext, IController& controller, IControllerFactory& factory)
   konum: System.Web.Mvc.MvcHandler.BeginProcessRequest(HttpContextBase httpContext, AsyncCallback callback, Object state)
   konum: System.Web.HttpApplication.CallHandlerExecutionStep.System.Web.HttpApplication.IExecutionStep.Execute()
   konum: System.Web.HttpApplication.ExecuteStepImpl(IExecutionStep step)
   konum: System.Web.HttpApplication.ExecuteStep(IExecutionStep step, Boolean& completedSynchronously)
--------------------------------------------------------------------------------

[ERROR] 2025-12-20 00:45:39
Message: Uygulama hatası
Exception: HttpException
Message: The controller for path '/Error' was not found or does not implement IController.
StackTrace:    konum: System.Web.Mvc.DefaultControllerFactory.GetControllerInstance(RequestContext requestContext, Type controllerType)
   konum: System.Web.Mvc.MvcHandler.ProcessRequestInit(HttpContextBase httpContext, IController& controller, IControllerFactory& factory)
   konum: System.Web.Mvc.MvcHandler.BeginProcessRequest(HttpContextBase httpContext, AsyncCallback callback, Object state)
   konum: System.Web.HttpApplication.CallHandlerExecutionStep.System.Web.HttpApplication.IExecutionStep.Execute()
   konum: System.Web.HttpApplication.ExecuteStepImpl(IExecutionStep step)
   konum: System.Web.HttpApplication.ExecuteStep(IExecutionStep step, Boolean& completedSynchronously)
--------------------------------------------------------------------------------

[ERROR] 2025-12-20 00:45:39
Message: Uygulama hatası
Exception: HttpException
Message: The controller for path '/Error' was not found or does not implement IController.
StackTrace:    konum: System.Web.Mvc.DefaultControllerFactory.GetControllerInstance(RequestContext requestContext, Type controllerType)
   konum: System.Web.Mvc.MvcHandler.ProcessRequestInit(HttpContextBase httpContext, IController& controller, IControllerFactory& factory)
   konum: System.Web.Mvc.MvcHandler.BeginProcessRequest(HttpContextBase httpContext, AsyncCallback callback, Object state)
   konum: System.Web.HttpApplication.CallHandlerExecutionStep.System.Web.HttpApplication.IExecutionStep.Execute()
   konum: System.Web.HttpApplication.ExecuteStepImpl(IExecutionStep step)
   konum: System.Web.HttpApplication.ExecuteStep(IExecutionStep step, Boolean& completedSynchronously)
--------------------------------------------------------------------------------

[ERROR] 2025-12-20 00:45:39
Message: Uygulama hatası
Exception: HttpException
Message: The controller for path '/Error' was not found or does not implement IController.
StackTrace:    konum: System.Web.Mvc.DefaultControllerFactory.GetControllerInstance(RequestContext requestContext, Type controllerType)
   konum: System.Web.Mvc.MvcHandler.ProcessRequestInit(HttpContextBase httpContext, IController& controller, IControllerFactory& factory)
   konum: System.Web.Mvc.MvcHandler.BeginProcessRequest(HttpContextBase httpContext, AsyncCallback callback, Object state)
   konum: System.Web.HttpApplication.CallHandlerExecutionStep.System.Web.HttpApplication.IExecutionStep.Execute()
   konum: System.Web.HttpApplication.ExecuteStepImpl(IExecutionStep step)
   konum: System.Web.HttpApplication.ExecuteStep(IExecutionStep step, Boolean& completedSynchronously)
--------------------------------------------------------------------------------

[ERROR] 2025-12-20 00:45:39
Message: Uygulama hatası
Exception: HttpException
Message: The controller for path '/Error' was not found or does not implement IController.
StackTrace:    konum: System.Web.Mvc.DefaultControllerFactory.GetControllerInstance(RequestContext requestContext, Type controllerType)
   konum: System.Web.Mvc.MvcHandler.ProcessRequestInit(HttpContextBase httpContext, IController& controller, IControllerFactory& factory)
   konum: System.Web.Mvc.MvcHandler.BeginProcessRequest(HttpContextBase httpContext, AsyncCallback callback, Object state)
   konum: System.Web.HttpApplication.CallHandlerExecutionStep.System.Web.HttpApplication.IExecutionStep.Execute()
   konum: System.Web.HttpApplication.ExecuteStepImpl(IExecutionStep step)
   konum: System.Web.HttpApplication.ExecuteStep(IExecutionStep step, Boolean& completedSynchronously)
--------------------------------------------------------------------------------

[ERROR] 2025-12-20 00:45:39
Message: Uygulama hatası
Exception: HttpException
Message: The controller for path '/Error' was not found or does not implement IController.
StackTrace:    konum: System.Web.Mvc.DefaultControllerFactory.GetControllerInstance(RequestContext requestContext, Type controllerType)
   konum: System.Web.Mvc.MvcHandler.ProcessRequestInit(HttpContextBase httpContext, IController& controller, IControllerFactory& factory)
   konum: System.Web.Mvc.MvcHandler.BeginProcessRequest(HttpContextBase httpContext, AsyncCallback callback, Object state)
   konum: System.Web.HttpApplication.CallHandlerExecutionStep.System.Web.HttpApplication.IExecutionStep.Execute()
   konum: System.Web.HttpApplication.ExecuteStepImpl(IExecutionStep step)
   konum: System.Web.HttpApplication.ExecuteStep(IExecutionStep step, Boolean& completedSynchronously)
--------------------------------------------------------------------------------

[ERROR] 2025-12-20 00:45:39
Message: Uygulama hatası
Exception: HttpException
Message: The controller for path '/Error' was not found or does not implement IController.
StackTrace:    konum: System.Web.Mvc.DefaultControllerFactory.GetControllerInstance(RequestContext requestContext, Type controllerType)
   konum: System.Web.Mvc.MvcHandler.ProcessRequestInit(HttpContextBase httpContext, IController& controller, IControllerFactory& factory)
   konum: System.Web.Mvc.MvcHandler.BeginProcessRequest(HttpContextBase httpContext, AsyncCallback callback, Object state)
   konum: System.Web.HttpApplication.CallHandlerExecutionStep.System.Web.HttpApplication.IExecutionStep.Execute()
   konum: System.Web.HttpApplication.ExecuteStepImpl(IExecutionStep step)
   konum: System.Web.HttpApplication.ExecuteStep(IExecutionStep step, Boolean& completedSynchronously)
--------------------------------------------------------------------------------

[ERROR] 2025-12-20 00:45:39
Message: Uygulama hatası
Exception: HttpException
Message: The controller for path '/Error' was not found or does not implement IController.
StackTrace:    konum: System.Web.Mvc.DefaultControllerFactory.GetControllerInstance(RequestContext requestContext, Type controllerType)
   konum: System.Web.Mvc.MvcHandler.ProcessRequestInit(HttpContextBase httpContext, IController& controller, IControllerFactory& factory)
   konum: System.Web.Mvc.MvcHandler.BeginProcessRequest(HttpContextBase httpContext, AsyncCallback callback, Object state)
   konum: System.Web.HttpApplication.CallHandlerExecutionStep.System.Web.HttpApplication.IExecutionStep.Execute()
   konum: System.Web.HttpApplication.ExecuteStepImpl(IExecutionStep step)
   konum: System.Web.HttpApplication.ExecuteStep(IExecutionStep step, Boolean& completedSynchronously)
--------------------------------------------------------------------------------

[ERROR] 2025-12-20 00:45:39
Message: Uygulama hatası
Exception: HttpException
Message: The controller for path '/Error' was not found or does not implement IController.
StackTrace:    konum: System.Web.Mvc.DefaultControllerFactory.GetControllerInstance(RequestContext requestContext, Type controllerType)
   konum: System.Web.Mvc.MvcHandler.ProcessRequestInit(HttpContextBase httpContext, IController& controller, IControllerFactory& factory)
   konum: System.Web.Mvc.MvcHandler.BeginProcessRequest(HttpContextBase httpContext, AsyncCallback callback, Object state)
   konum: System.Web.HttpApplication.CallHandlerExecutionStep.System.Web.HttpApplication.IExecutionStep.Execute()
   konum: System.Web.HttpApplication.ExecuteStepImpl(IExecutionStep step)
   konum: System.Web.HttpApplication.ExecuteStep(IExecutionStep step, Boolean& completedSynchronously)
--------------------------------------------------------------------------------

[ERROR] 2025-12-20 00:45:39
Message: Uygulama hatası
Exception: HttpException
Message: The controller for path '/Error' was not found or does not implement IController.
StackTrace:    konum: System.Web.Mvc.DefaultControllerFactory.GetControllerInstance(RequestContext requestContext, Type controllerType)
   konum: System.Web.Mvc.MvcHandler.ProcessRequestInit(HttpContextBase httpContext, IController& controller, IControllerFactory& factory)
   konum: System.Web.Mvc.MvcHandler.BeginProcessRequest(HttpContextBase httpContext, AsyncCallback callback, Object state)
   konum: System.Web.HttpApplication.CallHandlerExecutionStep.System.Web.HttpApplication.IExecutionStep.Execute()
   konum: System.Web.HttpApplication.ExecuteStepImpl(IExecutionStep step)
   konum: System.Web.HttpApplication.ExecuteStep(IExecutionStep step, Boolean& completedSynchronously)
--------------------------------------------------------------------------------

[ERROR] 2025-12-20 00:45:39
Message: Uygulama hatası
Exception: HttpException
Message: The controller for path '/Error' was not found or does not implement IController.
StackTrace:    konum: System.Web.Mvc.DefaultControllerFactory.GetControllerInstance(RequestContext requestContext, Type controllerType)
   konum: System.Web.Mvc.MvcHandler.ProcessRequestInit(HttpContextBase httpContext, IController& controller, IControllerFactory& factory)
   konum: System.Web.Mvc.MvcHandler.BeginProcessRequest(HttpContextBase httpContext, AsyncCallback callback, Object state)
   konum: System.Web.HttpApplication.CallHandlerExecutionStep.System.Web.HttpApplication.IExecutionStep.Execute()
   konum: System.Web.HttpApplication.ExecuteStepImpl(IExecutionStep step)
   konum: System.Web.HttpApplication.ExecuteStep(IExecutionStep step, Boolean& completedSynchronously)
--------------------------------------------------------------------------------

[ERROR] 2025-12-20 00:45:39
Message: Uygulama hatası
Exception: HttpException
Message: The controller for path '/Error' was not found or does not implement IController.
StackTrace:    konum: System.Web.Mvc.DefaultControllerFactory.GetControllerInstance(RequestContext requestContext, Type controllerType)
   konum: System.Web.Mvc.MvcHandler.ProcessRequestInit(HttpContextBase httpContext, IController& controller, IControllerFactory& factory)
   konum: System.Web.Mvc.MvcHandler.BeginProcessRequest(HttpContextBase httpContext, AsyncCallback callback, Object state)
   konum: System.Web.HttpApplication.CallHandlerExecutionStep.System.Web.HttpApplication.IExecutionStep.Execute()
   konum: System.Web.HttpApplication.ExecuteStepImpl(IExecutionStep step)
   konum: System.Web.HttpApplication.ExecuteStep(IExecutionStep step, Boolean& completedSynchronously)
--------------------------------------------------------------------------------

[ERROR] 2025-12-20 00:45:39
Message: Uygulama hatası
Exception: HttpException
Message: The controller for path '/Error' was not found or does not implement IController.
StackTrace:    konum: System.Web.Mvc.DefaultControllerFactory.GetControllerInstance(RequestContext requestContext, Type controllerType)
   konum: System.Web.Mvc.MvcHandler.ProcessRequestInit(HttpContextBase httpContext, IController& controller, IControllerFactory& factory)
   konum: System.Web.Mvc.MvcHandler.BeginProcessRequest(HttpContextBase httpContext, AsyncCallback callback, Object state)
   konum: System.Web.HttpApplication.CallHandlerExecutionStep.System.Web.HttpApplication.IExecutionStep.Execute()
   konum: System.Web.HttpApplication.ExecuteStepImpl(IExecutionStep step)
   konum: System.Web.HttpApplication.ExecuteStep(IExecutionStep step, Boolean& completedSynchronously)
--------------------------------------------------------------------------------

[ERROR] 2025-12-20 00:45:39
Message: Uygulama hatası
Exception: HttpException
Message: The controller for path '/Error' was not found or does not implement IController.
StackTrace:    konum: System.Web.Mvc.DefaultControllerFactory.GetControllerInstance(RequestContext requestContext, Type controllerType)
   konum: System.Web.Mvc.MvcHandler.ProcessRequestInit(HttpContextBase httpContext, IController& controller, IControllerFactory& factory)
   konum: System.Web.Mvc.MvcHandler.BeginProcessRequest(HttpContextBase httpContext, AsyncCallback callback, Object state)
   konum: System.Web.HttpApplication.CallHandlerExecutionStep.System.Web.HttpApplication.IExecutionStep.Execute()
   konum: System.Web.HttpApplication.ExecuteStepImpl(IExecutionStep step)
   konum: System.Web.HttpApplication.ExecuteStep(IExecutionStep step, Boolean& completedSynchronously)
--------------------------------------------------------------------------------

[ERROR] 2025-12-20 00:45:40
Message: Uygulama hatası
Exception: HttpException
Message: The controller for path '/Error' was not found or does not implement IController.
StackTrace:    konum: System.Web.Mvc.DefaultControllerFactory.GetControllerInstance(RequestContext requestContext, Type controllerType)
   konum: System.Web.Mvc.MvcHandler.ProcessRequestInit(HttpContextBase httpContext, IController& controller, IControllerFactory& factory)
   konum: System.Web.Mvc.MvcHandler.BeginProcessRequest(HttpContextBase httpContext, AsyncCallback callback, Object state)
   konum: System.Web.HttpApplication.CallHandlerExecutionStep.System.Web.HttpApplication.IExecutionStep.Execute()
   konum: System.Web.HttpApplication.ExecuteStepImpl(IExecutionStep step)
   konum: System.Web.HttpApplication.ExecuteStep(IExecutionStep step, Boolean& completedSynchronously)
--------------------------------------------------------------------------------

[ERROR] 2025-12-20 00:45:40
Message: Uygulama hatası
Exception: HttpException
Message: The controller for path '/Error' was not found or does not implement IController.
StackTrace:    konum: System.Web.Mvc.DefaultControllerFactory.GetControllerInstance(RequestContext requestContext, Type controllerType)
   konum: System.Web.Mvc.MvcHandler.ProcessRequestInit(HttpContextBase httpContext, IController& controller, IControllerFactory& factory)
   konum: System.Web.Mvc.MvcHandler.BeginProcessRequest(HttpContextBase httpContext, AsyncCallback callback, Object state)
   konum: System.Web.HttpApplication.CallHandlerExecutionStep.System.Web.HttpApplication.IExecutionStep.Execute()
   konum: System.Web.HttpApplication.ExecuteStepImpl(IExecutionStep step)
   konum: System.Web.HttpApplication.ExecuteStep(IExecutionStep step, Boolean& completedSynchronously)
--------------------------------------------------------------------------------

[ERROR] 2025-12-20 00:45:40
Message: Uygulama hatası
Exception: HttpException
Message: The controller for path '/Error' was not found or does not implement IController.
StackTrace:    konum: System.Web.Mvc.DefaultControllerFactory.GetControllerInstance(RequestContext requestContext, Type controllerType)
   konum: System.Web.Mvc.MvcHandler.ProcessRequestInit(HttpContextBase httpContext, IController& controller, IControllerFactory& factory)
   konum: System.Web.Mvc.MvcHandler.BeginProcessRequest(HttpContextBase httpContext, AsyncCallback callback, Object state)
   konum: System.Web.HttpApplication.CallHandlerExecutionStep.System.Web.HttpApplication.IExecutionStep.Execute()
   konum: System.Web.HttpApplication.ExecuteStepImpl(IExecutionStep step)
   konum: System.Web.HttpApplication.ExecuteStep(IExecutionStep step, Boolean& completedSynchronously)
--------------------------------------------------------------------------------

[ERROR] 2025-12-20 00:45:40
Message: Uygulama hatası
Exception: HttpException
Message: The controller for path '/Error' was not found or does not implement IController.
StackTrace:    konum: System.Web.Mvc.DefaultControllerFactory.GetControllerInstance(RequestContext requestContext, Type controllerType)
   konum: System.Web.Mvc.MvcHandler.ProcessRequestInit(HttpContextBase httpContext, IController& controller, IControllerFactory& factory)
   konum: System.Web.Mvc.MvcHandler.BeginProcessRequest(HttpContextBase httpContext, AsyncCallback callback, Object state)
   konum: System.Web.HttpApplication.CallHandlerExecutionStep.System.Web.HttpApplication.IExecutionStep.Execute()
   konum: System.Web.HttpApplication.ExecuteStepImpl(IExecutionStep step)
   konum: System.Web.HttpApplication.ExecuteStep(IExecutionStep step, Boolean& completedSynchronously)
--------------------------------------------------------------------------------

[ERROR] 2025-12-20 00:45:40
Message: Uygulama hatası
Exception: HttpException
Message: The controller for path '/Error' was not found or does not implement IController.
StackTrace:    konum: System.Web.Mvc.DefaultControllerFactory.GetControllerInstance(RequestContext requestContext, Type controllerType)
   konum: System.Web.Mvc.MvcHandler.ProcessRequestInit(HttpContextBase httpContext, IController& controller, IControllerFactory& factory)
   konum: System.Web.Mvc.MvcHandler.BeginProcessRequest(HttpContextBase httpContext, AsyncCallback callback, Object state)
   konum: System.Web.HttpApplication.CallHandlerExecutionStep.System.Web.HttpApplication.IExecutionStep.Execute()
   konum: System.Web.HttpApplication.ExecuteStepImpl(IExecutionStep step)
   konum: System.Web.HttpApplication.ExecuteStep(IExecutionStep step, Boolean& completedSynchronously)
--------------------------------------------------------------------------------

[ERROR] 2025-12-20 00:45:40
Message: Uygulama hatası
Exception: HttpException
Message: The controller for path '/Error' was not found or does not implement IController.
StackTrace:    konum: System.Web.Mvc.DefaultControllerFactory.GetControllerInstance(RequestContext requestContext, Type controllerType)
   konum: System.Web.Mvc.MvcHandler.ProcessRequestInit(HttpContextBase httpContext, IController& controller, IControllerFactory& factory)
   konum: System.Web.Mvc.MvcHandler.BeginProcessRequest(HttpContextBase httpContext, AsyncCallback callback, Object state)
   konum: System.Web.HttpApplication.CallHandlerExecutionStep.System.Web.HttpApplication.IExecutionStep.Execute()
   konum: System.Web.HttpApplication.ExecuteStepImpl(IExecutionStep step)
   konum: System.Web.HttpApplication.ExecuteStep(IExecutionStep step, Boolean& completedSynchronously)
--------------------------------------------------------------------------------

[ERROR] 2025-12-20 00:45:40
Message: Uygulama hatası
Exception: HttpException
Message: The controller for path '/Error' was not found or does not implement IController.
StackTrace:    konum: System.Web.Mvc.DefaultControllerFactory.GetControllerInstance(RequestContext requestContext, Type controllerType)
   konum: System.Web.Mvc.MvcHandler.ProcessRequestInit(HttpContextBase httpContext, IController& controller, IControllerFactory& factory)
   konum: System.Web.Mvc.MvcHandler.BeginProcessRequest(HttpContextBase httpContext, AsyncCallback callback, Object state)
   konum: System.Web.HttpApplication.CallHandlerExecutionStep.System.Web.HttpApplication.IExecutionStep.Execute()
   konum: System.Web.HttpApplication.ExecuteStepImpl(IExecutionStep step)
   konum: System.Web.HttpApplication.ExecuteStep(IExecutionStep step, Boolean& completedSynchronously)
--------------------------------------------------------------------------------

[ERROR] 2025-12-20 00:45:40
Message: Uygulama hatası
Exception: HttpException
Message: The controller for path '/Error' was not found or does not implement IController.
StackTrace:    konum: System.Web.Mvc.DefaultControllerFactory.GetControllerInstance(RequestContext requestContext, Type controllerType)
   konum: System.Web.Mvc.MvcHandler.ProcessRequestInit(HttpContextBase httpContext, IController& controller, IControllerFactory& factory)
   konum: System.Web.Mvc.MvcHandler.BeginProcessRequest(HttpContextBase httpContext, AsyncCallback callback, Object state)
   konum: System.Web.HttpApplication.CallHandlerExecutionStep.System.Web.HttpApplication.IExecutionStep.Execute()
   konum: System.Web.HttpApplication.ExecuteStepImpl(IExecutionStep step)
   konum: System.Web.HttpApplication.ExecuteStep(IExecutionStep step, Boolean& completedSynchronously)
--------------------------------------------------------------------------------

[ERROR] 2025-12-20 00:45:40
Message: Uygulama hatası
Exception: HttpException
Message: The controller for path '/Error' was not found or does not implement IController.
StackTrace:    konum: System.Web.Mvc.DefaultControllerFactory.GetControllerInstance(RequestContext requestContext, Type controllerType)
   konum: System.Web.Mvc.MvcHandler.ProcessRequestInit(HttpContextBase httpContext, IController& controller, IControllerFactory& factory)
   konum: System.Web.Mvc.MvcHandler.BeginProcessRequest(HttpContextBase httpContext, AsyncCallback callback, Object state)
   konum: System.Web.HttpApplication.CallHandlerExecutionStep.System.Web.HttpApplication.IExecutionStep.Execute()
   konum: System.Web.HttpApplication.ExecuteStepImpl(IExecutionStep step)
   konum: System.Web.HttpApplication.ExecuteStep(IExecutionStep step, Boolean& completedSynchronously)
--------------------------------------------------------------------------------

[ERROR] 2025-12-20 00:45:40
Message: Uygulama hatası
Exception: HttpException
Message: The controller for path '/Error' was not found or does not implement IController.
StackTrace:    konum: System.Web.Mvc.DefaultControllerFactory.GetControllerInstance(RequestContext requestContext, Type controllerType)
   konum: System.Web.Mvc.MvcHandler.ProcessRequestInit(HttpContextBase httpContext, IController& controller, IControllerFactory& factory)
   konum: System.Web.Mvc.MvcHandler.BeginProcessRequest(HttpContextBase httpContext, AsyncCallback callback, Object state)
   konum: System.Web.HttpApplication.CallHandlerExecutionStep.System.Web.HttpApplication.IExecutionStep.Execute()
   konum: System.Web.HttpApplication.ExecuteStepImpl(IExecutionStep step)
   konum: System.Web.HttpApplication.ExecuteStep(IExecutionStep step, Boolean& completedSynchronously)
--------------------------------------------------------------------------------

[ERROR] 2025-12-20 00:45:40
Message: Uygulama hatası
Exception: HttpException
Message: The controller for path '/Error' was not found or does not implement IController.
StackTrace:    konum: System.Web.Mvc.DefaultControllerFactory.GetControllerInstance(RequestContext requestContext, Type controllerType)
   konum: System.Web.Mvc.MvcHandler.ProcessRequestInit(HttpContextBase httpContext, IController& controller, IControllerFactory& factory)
   konum: System.Web.Mvc.MvcHandler.BeginProcessRequest(HttpContextBase httpContext, AsyncCallback callback, Object state)
   konum: System.Web.HttpApplication.CallHandlerExecutionStep.System.Web.HttpApplication.IExecutionStep.Execute()
   konum: System.Web.HttpApplication.ExecuteStepImpl(IExecutionStep step)
   konum: System.Web.HttpApplication.ExecuteStep(IExecutionStep step, Boolean& completedSynchronously)
--------------------------------------------------------------------------------

[ERROR] 2025-12-20 00:45:40
Message: Uygulama hatası
Exception: HttpException
Message: The controller for path '/Error' was not found or does not implement IController.
StackTrace:    konum: System.Web.Mvc.DefaultControllerFactory.GetControllerInstance(RequestContext requestContext, Type controllerType)
   konum: System.Web.Mvc.MvcHandler.ProcessRequestInit(HttpContextBase httpContext, IController& controller, IControllerFactory& factory)
   konum: System.Web.Mvc.MvcHandler.BeginProcessRequest(HttpContextBase httpContext, AsyncCallback callback, Object state)
   konum: System.Web.HttpApplication.CallHandlerExecutionStep.System.Web.HttpApplication.IExecutionStep.Execute()
   konum: System.Web.HttpApplication.ExecuteStepImpl(IExecutionStep step)
   konum: System.Web.HttpApplication.ExecuteStep(IExecutionStep step, Boolean& completedSynchronously)
--------------------------------------------------------------------------------

[ERROR] 2025-12-20 00:45:40
Message: Uygulama hatası
Exception: HttpException
Message: The controller for path '/Error' was not found or does not implement IController.
StackTrace:    konum: System.Web.Mvc.DefaultControllerFactory.GetControllerInstance(RequestContext requestContext, Type controllerType)
   konum: System.Web.Mvc.MvcHandler.ProcessRequestInit(HttpContextBase httpContext, IController& controller, IControllerFactory& factory)
   konum: System.Web.Mvc.MvcHandler.BeginProcessRequest(HttpContextBase httpContext, AsyncCallback callback, Object state)
   konum: System.Web.HttpApplication.CallHandlerExecutionStep.System.Web.HttpApplication.IExecutionStep.Execute()
   konum: System.Web.HttpApplication.ExecuteStepImpl(IExecutionStep step)
   konum: System.Web.HttpApplication.ExecuteStep(IExecutionStep step, Boolean& completedSynchronously)
--------------------------------------------------------------------------------

[ERROR] 2025-12-20 00:45:40
Message: Uygulama hatası
Exception: HttpException
Message: The controller for path '/Error' was not found or does not implement IController.
StackTrace:    konum: System.Web.Mvc.DefaultControllerFactory.GetControllerInstance(RequestContext requestContext, Type controllerType)
   konum: System.Web.Mvc.MvcHandler.ProcessRequestInit(HttpContextBase httpContext, IController& controller, IControllerFactory& factory)
   konum: System.Web.Mvc.MvcHandler.BeginProcessRequest(HttpContextBase httpContext, AsyncCallback callback, Object state)
   konum: System.Web.HttpApplication.CallHandlerExecutionStep.System.Web.HttpApplication.IExecutionStep.Execute()
   konum: System.Web.HttpApplication.ExecuteStepImpl(IExecutionStep step)
   konum: System.Web.HttpApplication.ExecuteStep(IExecutionStep step, Boolean& completedSynchronously)
--------------------------------------------------------------------------------

[ERROR] 2025-12-20 00:45:40
Message: Uygulama hatası
Exception: HttpException
Message: The controller for path '/Error' was not found or does not implement IController.
StackTrace:    konum: System.Web.Mvc.DefaultControllerFactory.GetControllerInstance(RequestContext requestContext, Type controllerType)
   konum: System.Web.Mvc.MvcHandler.ProcessRequestInit(HttpContextBase httpContext, IController& controller, IControllerFactory& factory)
   konum: System.Web.Mvc.MvcHandler.BeginProcessRequest(HttpContextBase httpContext, AsyncCallback callback, Object state)
   konum: System.Web.HttpApplication.CallHandlerExecutionStep.System.Web.HttpApplication.IExecutionStep.Execute()
   konum: System.Web.HttpApplication.ExecuteStepImpl(IExecutionStep step)
   konum: System.Web.HttpApplication.ExecuteStep(IExecutionStep step, Boolean& completedSynchronously)
--------------------------------------------------------------------------------

[ERROR] 2025-12-20 00:45:40
Message: Uygulama hatası
Exception: HttpException
Message: The controller for path '/Error' was not found or does not implement IController.
StackTrace:    konum: System.Web.Mvc.DefaultControllerFactory.GetControllerInstance(RequestContext requestContext, Type controllerType)
   konum: System.Web.Mvc.MvcHandler.ProcessRequestInit(HttpContextBase httpContext, IController& controller, IControllerFactory& factory)
   konum: System.Web.Mvc.MvcHandler.BeginProcessRequest(HttpContextBase httpContext, AsyncCallback callback, Object state)
   konum: System.Web.HttpApplication.CallHandlerExecutionStep.System.Web.HttpApplication.IExecutionStep.Execute()
   konum: System.Web.HttpApplication.ExecuteStepImpl(IExecutionStep step)
   konum: System.Web.HttpApplication.ExecuteStep(IExecutionStep step, Boolean& completedSynchronously)
--------------------------------------------------------------------------------

[ERROR] 2025-12-20 00:45:40
Message: Uygulama hatası
Exception: HttpException
Message: The controller for path '/Error' was not found or does not implement IController.
StackTrace:    konum: System.Web.Mvc.DefaultControllerFactory.GetControllerInstance(RequestContext requestContext, Type controllerType)
   konum: System.Web.Mvc.MvcHandler.ProcessRequestInit(HttpContextBase httpContext, IController& controller, IControllerFactory& factory)
   konum: System.Web.Mvc.MvcHandler.BeginProcessRequest(HttpContextBase httpContext, AsyncCallback callback, Object state)
   konum: System.Web.HttpApplication.CallHandlerExecutionStep.System.Web.HttpApplication.IExecutionStep.Execute()
   konum: System.Web.HttpApplication.ExecuteStepImpl(IExecutionStep step)
   konum: System.Web.HttpApplication.ExecuteStep(IExecutionStep step, Boolean& completedSynchronously)
--------------------------------------------------------------------------------

[ERROR] 2025-12-20 00:45:40
Message: Uygulama hatası
Exception: HttpException
Message: The controller for path '/Error' was not found or does not implement IController.
StackTrace:    konum: System.Web.Mvc.DefaultControllerFactory.GetControllerInstance(RequestContext requestContext, Type controllerType)
   konum: System.Web.Mvc.MvcHandler.ProcessRequestInit(HttpContextBase httpContext, IController& controller, IControllerFactory& factory)
   konum: System.Web.Mvc.MvcHandler.BeginProcessRequest(HttpContextBase httpContext, AsyncCallback callback, Object state)
   konum: System.Web.HttpApplication.CallHandlerExecutionStep.System.Web.HttpApplication.IExecutionStep.Execute()
   konum: System.Web.HttpApplication.ExecuteStepImpl(IExecutionStep step)
   konum: System.Web.HttpApplication.ExecuteStep(IExecutionStep step, Boolean& completedSynchronously)
--------------------------------------------------------------------------------

[ERROR] 2025-12-20 00:45:40
Message: Uygulama hatası
Exception: HttpException
Message: The controller for path '/Error' was not found or does not implement IController.
StackTrace:    konum: System.Web.Mvc.DefaultControllerFactory.GetControllerInstance(RequestContext requestContext, Type controllerType)
   konum: System.Web.Mvc.MvcHandler.ProcessRequestInit(HttpContextBase httpContext, IController& controller, IControllerFactory& factory)
   konum: System.Web.Mvc.MvcHandler.BeginProcessRequest(HttpContextBase httpContext, AsyncCallback callback, Object state)
   konum: System.Web.HttpApplication.CallHandlerExecutionStep.System.Web.HttpApplication.IExecutionStep.Execute()
   konum: System.Web.HttpApplication.ExecuteStepImpl(IExecutionStep step)
   konum: System.Web.HttpApplication.ExecuteStep(IExecutionStep step, Boolean& completedSynchronously)
--------------------------------------------------------------------------------

[ERROR] 2025-12-20 00:45:40
Message: Uygulama hatası
Exception: HttpException
Message: The controller for path '/Error' was not found or does not implement IController.
StackTrace:    konum: System.Web.Mvc.DefaultControllerFactory.GetControllerInstance(RequestContext requestContext, Type controllerType)
   konum: System.Web.Mvc.MvcHandler.ProcessRequestInit(HttpContextBase httpContext, IController& controller, IControllerFactory& factory)
   konum: System.Web.Mvc.MvcHandler.BeginProcessRequest(HttpContextBase httpContext, AsyncCallback callback, Object state)
   konum: System.Web.HttpApplication.CallHandlerExecutionStep.System.Web.HttpApplication.IExecutionStep.Execute()
   konum: System.Web.HttpApplication.ExecuteStepImpl(IExecutionStep step)
   konum: System.Web.HttpApplication.ExecuteStep(IExecutionStep step, Boolean& completedSynchronously)
--------------------------------------------------------------------------------

[ERROR] 2025-12-20 00:46:02
Message: Uygulama hatası
Exception: HttpAntiForgeryException
Message: The anti-forgery token could not be decrypted. If this application is hosted by a Web Farm or cluster, ensure that all machines are running the same version of ASP.NET Web Pages and that the <machineKey> configuration specifies explicit encryption and validation keys. AutoGenerate cannot be used in a cluster.
StackTrace:    konum: System.Web.Helpers.AntiXsrf.AntiForgeryTokenSerializer.Deserialize(String serializedToken)
   konum: System.Web.Helpers.AntiXsrf.AntiForgeryWorker.Validate(HttpContextBase httpContext)
   konum: System.Web.Mvc.ControllerActionInvoker.InvokeAuthorizationFilters(ControllerContext controllerContext, IList`1 filters, ActionDescriptor actionDescriptor)
   konum: System.Web.Mvc.Async.AsyncControllerActionInvoker.<>c__DisplayClass3_0.<BeginInvokeAction>b__0(AsyncCallback asyncCallback, Object asyncState)
   konum: System.Web.Mvc.Async.AsyncResultWrapper.WrappedAsyncResultBase`1.Begin(AsyncCallback callback, Object state, Int32 timeout)
   konum: System.Web.Mvc.Async.AsyncControllerActionInvoker.BeginInvokeAction(ControllerContext controllerContext, String actionName, AsyncCallback callback, Object state)
   konum: System.Web.Mvc.Controller.<>c.<BeginExecuteCore>b__152_0(AsyncCallback asyncCallback, Object asyncState, ExecuteCoreState innerState)
   konum: System.Web.Mvc.Async.AsyncResultWrapper.WrappedAsyncVoid`1.CallBeginDelegate(AsyncCallback callback, Object callbackState)
   konum: System.Web.Mvc.Async.AsyncResultWrapper.WrappedAsyncResultBase`1.Begin(AsyncCallback callback, Object state, Int32 timeout)
   konum: System.Web.Mvc.Controller.BeginExecuteCore(AsyncCallback callback, Object state)
   konum: System.Web.Mvc.Async.AsyncResultWrapper.WrappedAsyncResultBase`1.Begin(AsyncCallback callback, Object state, Int32 timeout)
   konum: System.Web.Mvc.Controller.BeginExecute(RequestContext requestContext, AsyncCallback callback, Object state)
   konum: System.Web.Mvc.MvcHandler.<>c.<BeginProcessRequest>b__20_0(AsyncCallback asyncCallback, Object asyncState, ProcessRequestState innerState)
   konum: System.Web.Mvc.Async.AsyncResultWrapper.WrappedAsyncVoid`1.CallBeginDelegate(AsyncCallback callback, Object callbackState)
   konum: System.Web.Mvc.Async.AsyncResultWrapper.WrappedAsyncResultBase`1.Begin(AsyncCallback callback, Object state, Int32 timeout)
   konum: System.Web.Mvc.MvcHandler.BeginProcessRequest(HttpContextBase httpContext, AsyncCallback callback, Object state)
   konum: System.Web.HttpApplication.CallHandlerExecutionStep.System.Web.HttpApplication.IExecutionStep.Execute()
   konum: System.Web.HttpApplication.ExecuteStepImpl(IExecutionStep step)
   konum: System.Web.HttpApplication.ExecuteStep(IExecutionStep step, Boolean& completedSynchronously)
--------------------------------------------------------------------------------

[ERROR] 2025-12-20 00:46:02
Message: Uygulama hatası
Exception: HttpException
Message: The controller for path '/Error' was not found or does not implement IController.
StackTrace:    konum: System.Web.Mvc.DefaultControllerFactory.GetControllerInstance(RequestContext requestContext, Type controllerType)
   konum: System.Web.Mvc.MvcHandler.ProcessRequestInit(HttpContextBase httpContext, IController& controller, IControllerFactory& factory)
   konum: System.Web.Mvc.MvcHandler.BeginProcessRequest(HttpContextBase httpContext, AsyncCallback callback, Object state)
   konum: System.Web.HttpApplication.CallHandlerExecutionStep.System.Web.HttpApplication.IExecutionStep.Execute()
   konum: System.Web.HttpApplication.ExecuteStepImpl(IExecutionStep step)
   konum: System.Web.HttpApplication.ExecuteStep(IExecutionStep step, Boolean& completedSynchronously)
--------------------------------------------------------------------------------

[ERROR] 2025-12-20 00:46:02
Message: Uygulama hatası
Exception: HttpException
Message: The controller for path '/Error' was not found or does not implement IController.
StackTrace:    konum: System.Web.Mvc.DefaultControllerFactory.GetControllerInstance(RequestContext requestContext, Type controllerType)
   konum: System.Web.Mvc.MvcHandler.ProcessRequestInit(HttpContextBase httpContext, IController& controller, IControllerFactory& factory)
   konum: System.Web.Mvc.MvcHandler.BeginProcessRequest(HttpContextBase httpContext, AsyncCallback callback, Object state)
   konum: System.Web.HttpApplication.CallHandlerExecutionStep.System.Web.HttpApplication.IExecutionStep.Execute()
   konum: System.Web.HttpApplication.ExecuteStepImpl(IExecutionStep step)
   konum: System.Web.HttpApplication.ExecuteStep(IExecutionStep step, Boolean& completedSynchronously)
--------------------------------------------------------------------------------

[ERROR] 2025-12-20 00:46:02
Message: Uygulama hatası
Exception: HttpException
Message: The controller for path '/Error' was not found or does not implement IController.
StackTrace:    konum: System.Web.Mvc.DefaultControllerFactory.GetControllerInstance(RequestContext requestContext, Type controllerType)
   konum: System.Web.Mvc.MvcHandler.ProcessRequestInit(HttpContextBase httpContext, IController& controller, IControllerFactory& factory)
   konum: System.Web.Mvc.MvcHandler.BeginProcessRequest(HttpContextBase httpContext, AsyncCallback callback, Object state)
   konum: System.Web.HttpApplication.CallHandlerExecutionStep.System.Web.HttpApplication.IExecutionStep.Execute()
   konum: System.Web.HttpApplication.ExecuteStepImpl(IExecutionStep step)
   konum: System.Web.HttpApplication.ExecuteStep(IExecutionStep step, Boolean& completedSynchronously)
--------------------------------------------------------------------------------

[ERROR] 2025-12-20 00:46:02
Message: Uygulama hatası
Exception: HttpException
Message: The controller for path '/Error' was not found or does not implement IController.
StackTrace:    konum: System.Web.Mvc.DefaultControllerFactory.GetControllerInstance(RequestContext requestContext, Type controllerType)
   konum: System.Web.Mvc.MvcHandler.ProcessRequestInit(HttpContextBase httpContext, IController& controller, IControllerFactory& factory)
   konum: System.Web.Mvc.MvcHandler.BeginProcessRequest(HttpContextBase httpContext, AsyncCallback callback, Object state)
   konum: System.Web.HttpApplication.CallHandlerExecutionStep.System.Web.HttpApplication.IExecutionStep.Execute()
   konum: System.Web.HttpApplication.ExecuteStepImpl(IExecutionStep step)
   konum: System.Web.HttpApplication.ExecuteStep(IExecutionStep step, Boolean& completedSynchronously)
--------------------------------------------------------------------------------

[ERROR] 2025-12-20 00:46:02
Message: Uygulama hatası
Exception: HttpException
Message: The controller for path '/Error' was not found or does not implement IController.
StackTrace:    konum: System.Web.Mvc.DefaultControllerFactory.GetControllerInstance(RequestContext requestContext, Type controllerType)
   konum: System.Web.Mvc.MvcHandler.ProcessRequestInit(HttpContextBase httpContext, IController& controller, IControllerFactory& factory)
   konum: System.Web.Mvc.MvcHandler.BeginProcessRequest(HttpContextBase httpContext, AsyncCallback callback, Object state)
   konum: System.Web.HttpApplication.CallHandlerExecutionStep.System.Web.HttpApplication.IExecutionStep.Execute()
   konum: System.Web.HttpApplication.ExecuteStepImpl(IExecutionStep step)
   konum: System.Web.HttpApplication.ExecuteStep(IExecutionStep step, Boolean& completedSynchronously)
--------------------------------------------------------------------------------

[ERROR] 2025-12-20 00:46:02
Message: Uygulama hatası
Exception: HttpException
Message: The controller for path '/Error' was not found or does not implement IController.
StackTrace:    konum: System.Web.Mvc.DefaultControllerFactory.GetControllerInstance(RequestContext requestContext, Type controllerType)
   konum: System.Web.Mvc.MvcHandler.ProcessRequestInit(HttpContextBase httpContext, IController& controller, IControllerFactory& factory)
   konum: System.Web.Mvc.MvcHandler.BeginProcessRequest(HttpContextBase httpContext, AsyncCallback callback, Object state)
   konum: System.Web.HttpApplication.CallHandlerExecutionStep.System.Web.HttpApplication.IExecutionStep.Execute()
   konum: System.Web.HttpApplication.ExecuteStepImpl(IExecutionStep step)
   konum: System.Web.HttpApplication.ExecuteStep(IExecutionStep step, Boolean& completedSynchronously)
--------------------------------------------------------------------------------

[ERROR] 2025-12-20 00:46:02
Message: Uygulama hatası
Exception: HttpException
Message: The controller for path '/Error' was not found or does not implement IController.
StackTrace:    konum: System.Web.Mvc.DefaultControllerFactory.GetControllerInstance(RequestContext requestContext, Type controllerType)
   konum: System.Web.Mvc.MvcHandler.ProcessRequestInit(HttpContextBase httpContext, IController& controller, IControllerFactory& factory)
   konum: System.Web.Mvc.MvcHandler.BeginProcessRequest(HttpContextBase httpContext, AsyncCallback callback, Object state)
   konum: System.Web.HttpApplication.CallHandlerExecutionStep.System.Web.HttpApplication.IExecutionStep.Execute()
   konum: System.Web.HttpApplication.ExecuteStepImpl(IExecutionStep step)
   konum: System.Web.HttpApplication.ExecuteStep(IExecutionStep step, Boolean& completedSynchronously)
--------------------------------------------------------------------------------

[ERROR] 2025-12-20 00:46:02
Message: Uygulama hatası
Exception: HttpException
Message: The controller for path '/Error' was not found or does not implement IController.
StackTrace:    konum: System.Web.Mvc.DefaultControllerFactory.GetControllerInstance(RequestContext requestContext, Type controllerType)
   konum: System.Web.Mvc.MvcHandler.ProcessRequestInit(HttpContextBase httpContext, IController& controller, IControllerFactory& factory)
   konum: System.Web.Mvc.MvcHandler.BeginProcessRequest(HttpContextBase httpContext, AsyncCallback callback, Object state)
   konum: System.Web.HttpApplication.CallHandlerExecutionStep.System.Web.HttpApplication.IExecutionStep.Execute()
   konum: System.Web.HttpApplication.ExecuteStepImpl(IExecutionStep step)
   konum: System.Web.HttpApplication.ExecuteStep(IExecutionStep step, Boolean& completedSynchronously)
--------------------------------------------------------------------------------

[ERROR] 2025-12-20 00:46:02
Message: Uygulama hatası
Exception: HttpException
Message: The controller for path '/Error' was not found or does not implement IController.
StackTrace:    konum: System.Web.Mvc.DefaultControllerFactory.GetControllerInstance(RequestContext requestContext, Type controllerType)
   konum: System.Web.Mvc.MvcHandler.ProcessRequestInit(HttpContextBase httpContext, IController& controller, IControllerFactory& factory)
   konum: System.Web.Mvc.MvcHandler.BeginProcessRequest(HttpContextBase httpContext, AsyncCallback callback, Object state)
   konum: System.Web.HttpApplication.CallHandlerExecutionStep.System.Web.HttpApplication.IExecutionStep.Execute()
   konum: System.Web.HttpApplication.ExecuteStepImpl(IExecutionStep step)
   konum: System.Web.HttpApplication.ExecuteStep(IExecutionStep step, Boolean& completedSynchronously)
--------------------------------------------------------------------------------

[ERROR] 2025-12-20 00:46:02
Message: Uygulama hatası
Exception: HttpException
Message: The controller for path '/Error' was not found or does not implement IController.
StackTrace:    konum: System.Web.Mvc.DefaultControllerFactory.GetControllerInstance(RequestContext requestContext, Type controllerType)
   konum: System.Web.Mvc.MvcHandler.ProcessRequestInit(HttpContextBase httpContext, IController& controller, IControllerFactory& factory)
   konum: System.Web.Mvc.MvcHandler.BeginProcessRequest(HttpContextBase httpContext, AsyncCallback callback, Object state)
   konum: System.Web.HttpApplication.CallHandlerExecutionStep.System.Web.HttpApplication.IExecutionStep.Execute()
   konum: System.Web.HttpApplication.ExecuteStepImpl(IExecutionStep step)
   konum: System.Web.HttpApplication.ExecuteStep(IExecutionStep step, Boolean& completedSynchronously)
--------------------------------------------------------------------------------

[ERROR] 2025-12-20 00:46:02
Message: Uygulama hatası
Exception: HttpException
Message: The controller for path '/Error' was not found or does not implement IController.
StackTrace:    konum: System.Web.Mvc.DefaultControllerFactory.GetControllerInstance(RequestContext requestContext, Type controllerType)
   konum: System.Web.Mvc.MvcHandler.ProcessRequestInit(HttpContextBase httpContext, IController& controller, IControllerFactory& factory)
   konum: System.Web.Mvc.MvcHandler.BeginProcessRequest(HttpContextBase httpContext, AsyncCallback callback, Object state)
   konum: System.Web.HttpApplication.CallHandlerExecutionStep.System.Web.HttpApplication.IExecutionStep.Execute()
   konum: System.Web.HttpApplication.ExecuteStepImpl(IExecutionStep step)
   konum: System.Web.HttpApplication.ExecuteStep(IExecutionStep step, Boolean& completedSynchronously)
--------------------------------------------------------------------------------

[ERROR] 2025-12-20 00:46:02
Message: Uygulama hatası
Exception: HttpException
Message: The controller for path '/Error' was not found or does not implement IController.
StackTrace:    konum: System.Web.Mvc.DefaultControllerFactory.GetControllerInstance(RequestContext requestContext, Type controllerType)
   konum: System.Web.Mvc.MvcHandler.ProcessRequestInit(HttpContextBase httpContext, IController& controller, IControllerFactory& factory)
   konum: System.Web.Mvc.MvcHandler.BeginProcessRequest(HttpContextBase httpContext, AsyncCallback callback, Object state)
   konum: System.Web.HttpApplication.CallHandlerExecutionStep.System.Web.HttpApplication.IExecutionStep.Execute()
   konum: System.Web.HttpApplication.ExecuteStepImpl(IExecutionStep step)
   konum: System.Web.HttpApplication.ExecuteStep(IExecutionStep step, Boolean& completedSynchronously)
--------------------------------------------------------------------------------

[ERROR] 2025-12-20 00:46:02
Message: Uygulama hatası
Exception: HttpException
Message: The controller for path '/Error' was not found or does not implement IController.
StackTrace:    konum: System.Web.Mvc.DefaultControllerFactory.GetControllerInstance(RequestContext requestContext, Type controllerType)
   konum: System.Web.Mvc.MvcHandler.ProcessRequestInit(HttpContextBase httpContext, IController& controller, IControllerFactory& factory)
   konum: System.Web.Mvc.MvcHandler.BeginProcessRequest(HttpContextBase httpContext, AsyncCallback callback, Object state)
   konum: System.Web.HttpApplication.CallHandlerExecutionStep.System.Web.HttpApplication.IExecutionStep.Execute()
   konum: System.Web.HttpApplication.ExecuteStepImpl(IExecutionStep step)
   konum: System.Web.HttpApplication.ExecuteStep(IExecutionStep step, Boolean& completedSynchronously)
--------------------------------------------------------------------------------

[ERROR] 2025-12-20 00:46:02
Message: Uygulama hatası
Exception: HttpException
Message: The controller for path '/Error' was not found or does not implement IController.
StackTrace:    konum: System.Web.Mvc.DefaultControllerFactory.GetControllerInstance(RequestContext requestContext, Type controllerType)
   konum: System.Web.Mvc.MvcHandler.ProcessRequestInit(HttpContextBase httpContext, IController& controller, IControllerFactory& factory)
   konum: System.Web.Mvc.MvcHandler.BeginProcessRequest(HttpContextBase httpContext, AsyncCallback callback, Object state)
   konum: System.Web.HttpApplication.CallHandlerExecutionStep.System.Web.HttpApplication.IExecutionStep.Execute()
   konum: System.Web.HttpApplication.ExecuteStepImpl(IExecutionStep step)
   konum: System.Web.HttpApplication.ExecuteStep(IExecutionStep step, Boolean& completedSynchronously)
--------------------------------------------------------------------------------

[ERROR] 2025-12-20 00:46:02
Message: Uygulama hatası
Exception: HttpException
Message: The controller for path '/Error' was not found or does not implement IController.
StackTrace:    konum: System.Web.Mvc.DefaultControllerFactory.GetControllerInstance(RequestContext requestContext, Type controllerType)
   konum: System.Web.Mvc.MvcHandler.ProcessRequestInit(HttpContextBase httpContext, IController& controller, IControllerFactory& factory)
   konum: System.Web.Mvc.MvcHandler.BeginProcessRequest(HttpContextBase httpContext, AsyncCallback callback, Object state)
   konum: System.Web.HttpApplication.CallHandlerExecutionStep.System.Web.HttpApplication.IExecutionStep.Execute()
   konum: System.Web.HttpApplication.ExecuteStepImpl(IExecutionStep step)
   konum: System.Web.HttpApplication.ExecuteStep(IExecutionStep step, Boolean& completedSynchronously)
--------------------------------------------------------------------------------

[ERROR] 2025-12-20 00:46:02
Message: Uygulama hatası
Exception: HttpException
Message: The controller for path '/Error' was not found or does not implement IController.
StackTrace:    konum: System.Web.Mvc.DefaultControllerFactory.GetControllerInstance(RequestContext requestContext, Type controllerType)
   konum: System.Web.Mvc.MvcHandler.ProcessRequestInit(HttpContextBase httpContext, IController& controller, IControllerFactory& factory)
   konum: System.Web.Mvc.MvcHandler.BeginProcessRequest(HttpContextBase httpContext, AsyncCallback callback, Object state)
   konum: System.Web.HttpApplication.CallHandlerExecutionStep.System.Web.HttpApplication.IExecutionStep.Execute()
   konum: System.Web.HttpApplication.ExecuteStepImpl(IExecutionStep step)
   konum: System.Web.HttpApplication.ExecuteStep(IExecutionStep step, Boolean& completedSynchronously)
--------------------------------------------------------------------------------

[ERROR] 2025-12-20 00:46:02
Message: Uygulama hatası
Exception: HttpException
Message: The controller for path '/Error' was not found or does not implement IController.
StackTrace:    konum: System.Web.Mvc.DefaultControllerFactory.GetControllerInstance(RequestContext requestContext, Type controllerType)
   konum: System.Web.Mvc.MvcHandler.ProcessRequestInit(HttpContextBase httpContext, IController& controller, IControllerFactory& factory)
   konum: System.Web.Mvc.MvcHandler.BeginProcessRequest(HttpContextBase httpContext, AsyncCallback callback, Object state)
   konum: System.Web.HttpApplication.CallHandlerExecutionStep.System.Web.HttpApplication.IExecutionStep.Execute()
   konum: System.Web.HttpApplication.ExecuteStepImpl(IExecutionStep step)
   konum: System.Web.HttpApplication.ExecuteStep(IExecutionStep step, Boolean& completedSynchronously)
--------------------------------------------------------------------------------

[ERROR] 2025-12-20 00:46:02
Message: Uygulama hatası
Exception: HttpException
Message: The controller for path '/Error' was not found or does not implement IController.
StackTrace:    konum: System.Web.Mvc.DefaultControllerFactory.GetControllerInstance(RequestContext requestContext, Type controllerType)
   konum: System.Web.Mvc.MvcHandler.ProcessRequestInit(HttpContextBase httpContext, IController& controller, IControllerFactory& factory)
   konum: System.Web.Mvc.MvcHandler.BeginProcessRequest(HttpContextBase httpContext, AsyncCallback callback, Object state)
   konum: System.Web.HttpApplication.CallHandlerExecutionStep.System.Web.HttpApplication.IExecutionStep.Execute()
   konum: System.Web.HttpApplication.ExecuteStepImpl(IExecutionStep step)
   konum: System.Web.HttpApplication.ExecuteStep(IExecutionStep step, Boolean& completedSynchronously)
--------------------------------------------------------------------------------

[ERROR] 2025-12-20 00:46:02
Message: Uygulama hatası
Exception: HttpException
Message: The controller for path '/Error' was not found or does not implement IController.
StackTrace:    konum: System.Web.Mvc.DefaultControllerFactory.GetControllerInstance(RequestContext requestContext, Type controllerType)
   konum: System.Web.Mvc.MvcHandler.ProcessRequestInit(HttpContextBase httpContext, IController& controller, IControllerFactory& factory)
   konum: System.Web.Mvc.MvcHandler.BeginProcessRequest(HttpContextBase httpContext, AsyncCallback callback, Object state)
   konum: System.Web.HttpApplication.CallHandlerExecutionStep.System.Web.HttpApplication.IExecutionStep.Execute()
   konum: System.Web.HttpApplication.ExecuteStepImpl(IExecutionStep step)
   konum: System.Web.HttpApplication.ExecuteStep(IExecutionStep step, Boolean& completedSynchronously)
--------------------------------------------------------------------------------

[ERROR] 2025-12-20 00:46:03
Message: Uygulama hatası
Exception: HttpException
Message: The controller for path '/Error' was not found or does not implement IController.
StackTrace:    konum: System.Web.Mvc.DefaultControllerFactory.GetControllerInstance(RequestContext requestContext, Type controllerType)
   konum: System.Web.Mvc.MvcHandler.ProcessRequestInit(HttpContextBase httpContext, IController& controller, IControllerFactory& factory)
   konum: System.Web.Mvc.MvcHandler.BeginProcessRequest(HttpContextBase httpContext, AsyncCallback callback, Object state)
   konum: System.Web.HttpApplication.CallHandlerExecutionStep.System.Web.HttpApplication.IExecutionStep.Execute()
   konum: System.Web.HttpApplication.ExecuteStepImpl(IExecutionStep step)
   konum: System.Web.HttpApplication.ExecuteStep(IExecutionStep step, Boolean& completedSynchronously)
--------------------------------------------------------------------------------

[ERROR] 2025-12-20 00:46:03
Message: Uygulama hatası
Exception: HttpException
Message: The controller for path '/Error' was not found or does not implement IController.
StackTrace:    konum: System.Web.Mvc.DefaultControllerFactory.GetControllerInstance(RequestContext requestContext, Type controllerType)
   konum: System.Web.Mvc.MvcHandler.ProcessRequestInit(HttpContextBase httpContext, IController& controller, IControllerFactory& factory)
   konum: System.Web.Mvc.MvcHandler.BeginProcessRequest(HttpContextBase httpContext, AsyncCallback callback, Object state)
   konum: System.Web.HttpApplication.CallHandlerExecutionStep.System.Web.HttpApplication.IExecutionStep.Execute()
   konum: System.Web.HttpApplication.ExecuteStepImpl(IExecutionStep step)
   konum: System.Web.HttpApplication.ExecuteStep(IExecutionStep step, Boolean& completedSynchronously)
--------------------------------------------------------------------------------

[ERROR] 2025-12-20 00:46:03
Message: Uygulama hatası
Exception: HttpException
Message: The controller for path '/Error' was not found or does not implement IController.
StackTrace:    konum: System.Web.Mvc.DefaultControllerFactory.GetControllerInstance(RequestContext requestContext, Type controllerType)
   konum: System.Web.Mvc.MvcHandler.ProcessRequestInit(HttpContextBase httpContext, IController& controller, IControllerFactory& factory)
   konum: System.Web.Mvc.MvcHandler.BeginProcessRequest(HttpContextBase httpContext, AsyncCallback callback, Object state)
   konum: System.Web.HttpApplication.CallHandlerExecutionStep.System.Web.HttpApplication.IExecutionStep.Execute()
   konum: System.Web.HttpApplication.ExecuteStepImpl(IExecutionStep step)
   konum: System.Web.HttpApplication.ExecuteStep(IExecutionStep step, Boolean& completedSynchronously)
--------------------------------------------------------------------------------

[ERROR] 2025-12-20 00:46:03
Message: Uygulama hatası
Exception: HttpException
Message: The controller for path '/Error' was not found or does not implement IController.
StackTrace:    konum: System.Web.Mvc.DefaultControllerFactory.GetControllerInstance(RequestContext requestContext, Type controllerType)
   konum: System.Web.Mvc.MvcHandler.ProcessRequestInit(HttpContextBase httpContext, IController& controller, IControllerFactory& factory)
   konum: System.Web.Mvc.MvcHandler.BeginProcessRequest(HttpContextBase httpContext, AsyncCallback callback, Object state)
   konum: System.Web.HttpApplication.CallHandlerExecutionStep.System.Web.HttpApplication.IExecutionStep.Execute()
   konum: System.Web.HttpApplication.ExecuteStepImpl(IExecutionStep step)
   konum: System.Web.HttpApplication.ExecuteStep(IExecutionStep step, Boolean& completedSynchronously)
--------------------------------------------------------------------------------

[ERROR] 2025-12-20 00:46:03
Message: Uygulama hatası
Exception: HttpException
Message: The controller for path '/Error' was not found or does not implement IController.
StackTrace:    konum: System.Web.Mvc.DefaultControllerFactory.GetControllerInstance(RequestContext requestContext, Type controllerType)
   konum: System.Web.Mvc.MvcHandler.ProcessRequestInit(HttpContextBase httpContext, IController& controller, IControllerFactory& factory)
   konum: System.Web.Mvc.MvcHandler.BeginProcessRequest(HttpContextBase httpContext, AsyncCallback callback, Object state)
   konum: System.Web.HttpApplication.CallHandlerExecutionStep.System.Web.HttpApplication.IExecutionStep.Execute()
   konum: System.Web.HttpApplication.ExecuteStepImpl(IExecutionStep step)
   konum: System.Web.HttpApplication.ExecuteStep(IExecutionStep step, Boolean& completedSynchronously)
--------------------------------------------------------------------------------

[ERROR] 2025-12-20 00:46:03
Message: Uygulama hatası
Exception: HttpException
Message: The controller for path '/Error' was not found or does not implement IController.
StackTrace:    konum: System.Web.Mvc.DefaultControllerFactory.GetControllerInstance(RequestContext requestContext, Type controllerType)
   konum: System.Web.Mvc.MvcHandler.ProcessRequestInit(HttpContextBase httpContext, IController& controller, IControllerFactory& factory)
   konum: System.Web.Mvc.MvcHandler.BeginProcessRequest(HttpContextBase httpContext, AsyncCallback callback, Object state)
   konum: System.Web.HttpApplication.CallHandlerExecutionStep.System.Web.HttpApplication.IExecutionStep.Execute()
   konum: System.Web.HttpApplication.ExecuteStepImpl(IExecutionStep step)
   konum: System.Web.HttpApplication.ExecuteStep(IExecutionStep step, Boolean& completedSynchronously)
--------------------------------------------------------------------------------

[ERROR] 2025-12-20 00:46:03
Message: Uygulama hatası
Exception: HttpException
Message: The controller for path '/Error' was not found or does not implement IController.
StackTrace:    konum: System.Web.Mvc.DefaultControllerFactory.GetControllerInstance(RequestContext requestContext, Type controllerType)
   konum: System.Web.Mvc.MvcHandler.ProcessRequestInit(HttpContextBase httpContext, IController& controller, IControllerFactory& factory)
   konum: System.Web.Mvc.MvcHandler.BeginProcessRequest(HttpContextBase httpContext, AsyncCallback callback, Object state)
   konum: System.Web.HttpApplication.CallHandlerExecutionStep.System.Web.HttpApplication.IExecutionStep.Execute()
   konum: System.Web.HttpApplication.ExecuteStepImpl(IExecutionStep step)
   konum: System.Web.HttpApplication.ExecuteStep(IExecutionStep step, Boolean& completedSynchronously)
--------------------------------------------------------------------------------

[ERROR] 2025-12-20 00:46:03
Message: Uygulama hatası
Exception: HttpException
Message: The controller for path '/Error' was not found or does not implement IController.
StackTrace:    konum: System.Web.Mvc.DefaultControllerFactory.GetControllerInstance(RequestContext requestContext, Type controllerType)
   konum: System.Web.Mvc.MvcHandler.ProcessRequestInit(HttpContextBase httpContext, IController& controller, IControllerFactory& factory)
   konum: System.Web.Mvc.MvcHandler.BeginProcessRequest(HttpContextBase httpContext, AsyncCallback callback, Object state)
   konum: System.Web.HttpApplication.CallHandlerExecutionStep.System.Web.HttpApplication.IExecutionStep.Execute()
   konum: System.Web.HttpApplication.ExecuteStepImpl(IExecutionStep step)
   konum: System.Web.HttpApplication.ExecuteStep(IExecutionStep step, Boolean& completedSynchronously)
--------------------------------------------------------------------------------

[ERROR] 2025-12-20 00:46:03
Message: Uygulama hatası
Exception: HttpException
Message: The controller for path '/Error' was not found or does not implement IController.
StackTrace:    konum: System.Web.Mvc.DefaultControllerFactory.GetControllerInstance(RequestContext requestContext, Type controllerType)
   konum: System.Web.Mvc.MvcHandler.ProcessRequestInit(HttpContextBase httpContext, IController& controller, IControllerFactory& factory)
   konum: System.Web.Mvc.MvcHandler.BeginProcessRequest(HttpContextBase httpContext, AsyncCallback callback, Object state)
   konum: System.Web.HttpApplication.CallHandlerExecutionStep.System.Web.HttpApplication.IExecutionStep.Execute()
   konum: System.Web.HttpApplication.ExecuteStepImpl(IExecutionStep step)
   konum: System.Web.HttpApplication.ExecuteStep(IExecutionStep step, Boolean& completedSynchronously)
--------------------------------------------------------------------------------

[ERROR] 2025-12-20 00:46:03
Message: Uygulama hatası
Exception: HttpException
Message: The controller for path '/Error' was not found or does not implement IController.
StackTrace:    konum: System.Web.Mvc.DefaultControllerFactory.GetControllerInstance(RequestContext requestContext, Type controllerType)
   konum: System.Web.Mvc.MvcHandler.ProcessRequestInit(HttpContextBase httpContext, IController& controller, IControllerFactory& factory)
   konum: System.Web.Mvc.MvcHandler.BeginProcessRequest(HttpContextBase httpContext, AsyncCallback callback, Object state)
   konum: System.Web.HttpApplication.CallHandlerExecutionStep.System.Web.HttpApplication.IExecutionStep.Execute()
   konum: System.Web.HttpApplication.ExecuteStepImpl(IExecutionStep step)
   konum: System.Web.HttpApplication.ExecuteStep(IExecutionStep step, Boolean& completedSynchronously)
--------------------------------------------------------------------------------

[ERROR] 2025-12-20 00:46:03
Message: Uygulama hatası
Exception: HttpException
Message: The controller for path '/Error' was not found or does not implement IController.
StackTrace:    konum: System.Web.Mvc.DefaultControllerFactory.GetControllerInstance(RequestContext requestContext, Type controllerType)
   konum: System.Web.Mvc.MvcHandler.ProcessRequestInit(HttpContextBase httpContext, IController& controller, IControllerFactory& factory)
   konum: System.Web.Mvc.MvcHandler.BeginProcessRequest(HttpContextBase httpContext, AsyncCallback callback, Object state)
   konum: System.Web.HttpApplication.CallHandlerExecutionStep.System.Web.HttpApplication.IExecutionStep.Execute()
   konum: System.Web.HttpApplication.ExecuteStepImpl(IExecutionStep step)
   konum: System.Web.HttpApplication.ExecuteStep(IExecutionStep step, Boolean& completedSynchronously)
--------------------------------------------------------------------------------

[ERROR] 2025-12-20 00:46:03
Message: Uygulama hatası
Exception: HttpException
Message: The controller for path '/Error' was not found or does not implement IController.
StackTrace:    konum: System.Web.Mvc.DefaultControllerFactory.GetControllerInstance(RequestContext requestContext, Type controllerType)
   konum: System.Web.Mvc.MvcHandler.ProcessRequestInit(HttpContextBase httpContext, IController& controller, IControllerFactory& factory)
   konum: System.Web.Mvc.MvcHandler.BeginProcessRequest(HttpContextBase httpContext, AsyncCallback callback, Object state)
   konum: System.Web.HttpApplication.CallHandlerExecutionStep.System.Web.HttpApplication.IExecutionStep.Execute()
   konum: System.Web.HttpApplication.ExecuteStepImpl(IExecutionStep step)
   konum: System.Web.HttpApplication.ExecuteStep(IExecutionStep step, Boolean& completedSynchronously)
--------------------------------------------------------------------------------

[ERROR] 2025-12-20 00:46:03
Message: Uygulama hatası
Exception: HttpException
Message: The controller for path '/Error' was not found or does not implement IController.
StackTrace:    konum: System.Web.Mvc.DefaultControllerFactory.GetControllerInstance(RequestContext requestContext, Type controllerType)
   konum: System.Web.Mvc.MvcHandler.ProcessRequestInit(HttpContextBase httpContext, IController& controller, IControllerFactory& factory)
   konum: System.Web.Mvc.MvcHandler.BeginProcessRequest(HttpContextBase httpContext, AsyncCallback callback, Object state)
   konum: System.Web.HttpApplication.CallHandlerExecutionStep.System.Web.HttpApplication.IExecutionStep.Execute()
   konum: System.Web.HttpApplication.ExecuteStepImpl(IExecutionStep step)
   konum: System.Web.HttpApplication.ExecuteStep(IExecutionStep step, Boolean& completedSynchronously)
--------------------------------------------------------------------------------

[ERROR] 2025-12-20 00:46:03
Message: Uygulama hatası
Exception: HttpException
Message: The controller for path '/Error' was not found or does not implement IController.
StackTrace:    konum: System.Web.Mvc.DefaultControllerFactory.GetControllerInstance(RequestContext requestContext, Type controllerType)
   konum: System.Web.Mvc.MvcHandler.ProcessRequestInit(HttpContextBase httpContext, IController& controller, IControllerFactory& factory)
   konum: System.Web.Mvc.MvcHandler.BeginProcessRequest(HttpContextBase httpContext, AsyncCallback callback, Object state)
   konum: System.Web.HttpApplication.CallHandlerExecutionStep.System.Web.HttpApplication.IExecutionStep.Execute()
   konum: System.Web.HttpApplication.ExecuteStepImpl(IExecutionStep step)
   konum: System.Web.HttpApplication.ExecuteStep(IExecutionStep step, Boolean& completedSynchronously)
--------------------------------------------------------------------------------

[ERROR] 2025-12-20 00:46:03
Message: Uygulama hatası
Exception: HttpException
Message: The controller for path '/Error' was not found or does not implement IController.
StackTrace:    konum: System.Web.Mvc.DefaultControllerFactory.GetControllerInstance(RequestContext requestContext, Type controllerType)
   konum: System.Web.Mvc.MvcHandler.ProcessRequestInit(HttpContextBase httpContext, IController& controller, IControllerFactory& factory)
   konum: System.Web.Mvc.MvcHandler.BeginProcessRequest(HttpContextBase httpContext, AsyncCallback callback, Object state)
   konum: System.Web.HttpApplication.CallHandlerExecutionStep.System.Web.HttpApplication.IExecutionStep.Execute()
   konum: System.Web.HttpApplication.ExecuteStepImpl(IExecutionStep step)
   konum: System.Web.HttpApplication.ExecuteStep(IExecutionStep step, Boolean& completedSynchronously)
--------------------------------------------------------------------------------

[ERROR] 2025-12-20 00:46:03
Message: Uygulama hatası
Exception: HttpException
Message: The controller for path '/Error' was not found or does not implement IController.
StackTrace:    konum: System.Web.Mvc.DefaultControllerFactory.GetControllerInstance(RequestContext requestContext, Type controllerType)
   konum: System.Web.Mvc.MvcHandler.ProcessRequestInit(HttpContextBase httpContext, IController& controller, IControllerFactory& factory)
   konum: System.Web.Mvc.MvcHandler.BeginProcessRequest(HttpContextBase httpContext, AsyncCallback callback, Object state)
   konum: System.Web.HttpApplication.CallHandlerExecutionStep.System.Web.HttpApplication.IExecutionStep.Execute()
   konum: System.Web.HttpApplication.ExecuteStepImpl(IExecutionStep step)
   konum: System.Web.HttpApplication.ExecuteStep(IExecutionStep step, Boolean& completedSynchronously)
--------------------------------------------------------------------------------

[ERROR] 2025-12-20 00:46:03
Message: Uygulama hatası
Exception: HttpException
Message: The controller for path '/Error' was not found or does not implement IController.
StackTrace:    konum: System.Web.Mvc.DefaultControllerFactory.GetControllerInstance(RequestContext requestContext, Type controllerType)
   konum: System.Web.Mvc.MvcHandler.ProcessRequestInit(HttpContextBase httpContext, IController& controller, IControllerFactory& factory)
   konum: System.Web.Mvc.MvcHandler.BeginProcessRequest(HttpContextBase httpContext, AsyncCallback callback, Object state)
   konum: System.Web.HttpApplication.CallHandlerExecutionStep.System.Web.HttpApplication.IExecutionStep.Execute()
   konum: System.Web.HttpApplication.ExecuteStepImpl(IExecutionStep step)
   konum: System.Web.HttpApplication.ExecuteStep(IExecutionStep step, Boolean& completedSynchronously)
--------------------------------------------------------------------------------

[ERROR] 2025-12-20 00:46:03
Message: Uygulama hatası
Exception: HttpException
Message: The controller for path '/Error' was not found or does not implement IController.
StackTrace:    konum: System.Web.Mvc.DefaultControllerFactory.GetControllerInstance(RequestContext requestContext, Type controllerType)
   konum: System.Web.Mvc.MvcHandler.ProcessRequestInit(HttpContextBase httpContext, IController& controller, IControllerFactory& factory)
   konum: System.Web.Mvc.MvcHandler.BeginProcessRequest(HttpContextBase httpContext, AsyncCallback callback, Object state)
   konum: System.Web.HttpApplication.CallHandlerExecutionStep.System.Web.HttpApplication.IExecutionStep.Execute()
   konum: System.Web.HttpApplication.ExecuteStepImpl(IExecutionStep step)
   konum: System.Web.HttpApplication.ExecuteStep(IExecutionStep step, Boolean& completedSynchronously)
--------------------------------------------------------------------------------

[ERROR] 2025-12-20 00:46:03
Message: Uygulama hatası
Exception: HttpException
Message: The controller for path '/Error' was not found or does not implement IController.
StackTrace:    konum: System.Web.Mvc.DefaultControllerFactory.GetControllerInstance(RequestContext requestContext, Type controllerType)
   konum: System.Web.Mvc.MvcHandler.ProcessRequestInit(HttpContextBase httpContext, IController& controller, IControllerFactory& factory)
   konum: System.Web.Mvc.MvcHandler.BeginProcessRequest(HttpContextBase httpContext, AsyncCallback callback, Object state)
   konum: System.Web.HttpApplication.CallHandlerExecutionStep.System.Web.HttpApplication.IExecutionStep.Execute()
   konum: System.Web.HttpApplication.ExecuteStepImpl(IExecutionStep step)
   konum: System.Web.HttpApplication.ExecuteStep(IExecutionStep step, Boolean& completedSynchronously)
--------------------------------------------------------------------------------

[ERROR] 2025-12-20 00:46:03
Message: Uygulama hatası
Exception: HttpException
Message: The controller for path '/Error' was not found or does not implement IController.
StackTrace:    konum: System.Web.Mvc.DefaultControllerFactory.GetControllerInstance(RequestContext requestContext, Type controllerType)
   konum: System.Web.Mvc.MvcHandler.ProcessRequestInit(HttpContextBase httpContext, IController& controller, IControllerFactory& factory)
   konum: System.Web.Mvc.MvcHandler.BeginProcessRequest(HttpContextBase httpContext, AsyncCallback callback, Object state)
   konum: System.Web.HttpApplication.CallHandlerExecutionStep.System.Web.HttpApplication.IExecutionStep.Execute()
   konum: System.Web.HttpApplication.ExecuteStepImpl(IExecutionStep step)
   konum: System.Web.HttpApplication.ExecuteStep(IExecutionStep step, Boolean& completedSynchronously)
--------------------------------------------------------------------------------

[ERROR] 2025-12-20 00:46:08
Message: Uygulama hatası
Exception: HttpException
Message: The controller for path '/Error' was not found or does not implement IController.
StackTrace:    konum: System.Web.Mvc.DefaultControllerFactory.GetControllerInstance(RequestContext requestContext, Type controllerType)
   konum: System.Web.Mvc.MvcHandler.ProcessRequestInit(HttpContextBase httpContext, IController& controller, IControllerFactory& factory)
   konum: System.Web.Mvc.MvcHandler.BeginProcessRequest(HttpContextBase httpContext, AsyncCallback callback, Object state)
   konum: System.Web.HttpApplication.CallHandlerExecutionStep.System.Web.HttpApplication.IExecutionStep.Execute()
   konum: System.Web.HttpApplication.ExecuteStepImpl(IExecutionStep step)
   konum: System.Web.HttpApplication.ExecuteStep(IExecutionStep step, Boolean& completedSynchronously)
--------------------------------------------------------------------------------

[ERROR] 2025-12-20 00:46:08
Message: Uygulama hatası
Exception: HttpException
Message: The controller for path '/Error' was not found or does not implement IController.
StackTrace:    konum: System.Web.Mvc.DefaultControllerFactory.GetControllerInstance(RequestContext requestContext, Type controllerType)
   konum: System.Web.Mvc.MvcHandler.ProcessRequestInit(HttpContextBase httpContext, IController& controller, IControllerFactory& factory)
   konum: System.Web.Mvc.MvcHandler.BeginProcessRequest(HttpContextBase httpContext, AsyncCallback callback, Object state)
   konum: System.Web.HttpApplication.CallHandlerExecutionStep.System.Web.HttpApplication.IExecutionStep.Execute()
   konum: System.Web.HttpApplication.ExecuteStepImpl(IExecutionStep step)
   konum: System.Web.HttpApplication.ExecuteStep(IExecutionStep step, Boolean& completedSynchronously)
--------------------------------------------------------------------------------

[ERROR] 2025-12-20 00:46:08
Message: Uygulama hatası
Exception: HttpException
Message: The controller for path '/Error' was not found or does not implement IController.
StackTrace:    konum: System.Web.Mvc.DefaultControllerFactory.GetControllerInstance(RequestContext requestContext, Type controllerType)
   konum: System.Web.Mvc.MvcHandler.ProcessRequestInit(HttpContextBase httpContext, IController& controller, IControllerFactory& factory)
   konum: System.Web.Mvc.MvcHandler.BeginProcessRequest(HttpContextBase httpContext, AsyncCallback callback, Object state)
   konum: System.Web.HttpApplication.CallHandlerExecutionStep.System.Web.HttpApplication.IExecutionStep.Execute()
   konum: System.Web.HttpApplication.ExecuteStepImpl(IExecutionStep step)
   konum: System.Web.HttpApplication.ExecuteStep(IExecutionStep step, Boolean& completedSynchronously)
--------------------------------------------------------------------------------

[ERROR] 2025-12-20 00:46:08
Message: Uygulama hatası
Exception: HttpException
Message: The controller for path '/Error' was not found or does not implement IController.
StackTrace:    konum: System.Web.Mvc.DefaultControllerFactory.GetControllerInstance(RequestContext requestContext, Type controllerType)
   konum: System.Web.Mvc.MvcHandler.ProcessRequestInit(HttpContextBase httpContext, IController& controller, IControllerFactory& factory)
   konum: System.Web.Mvc.MvcHandler.BeginProcessRequest(HttpContextBase httpContext, AsyncCallback callback, Object state)
   konum: System.Web.HttpApplication.CallHandlerExecutionStep.System.Web.HttpApplication.IExecutionStep.Execute()
   konum: System.Web.HttpApplication.ExecuteStepImpl(IExecutionStep step)
   konum: System.Web.HttpApplication.ExecuteStep(IExecutionStep step, Boolean& completedSynchronously)
--------------------------------------------------------------------------------

[ERROR] 2025-12-20 00:46:08
Message: Uygulama hatası
Exception: HttpException
Message: The controller for path '/Error' was not found or does not implement IController.
StackTrace:    konum: System.Web.Mvc.DefaultControllerFactory.GetControllerInstance(RequestContext requestContext, Type controllerType)
   konum: System.Web.Mvc.MvcHandler.ProcessRequestInit(HttpContextBase httpContext, IController& controller, IControllerFactory& factory)
   konum: System.Web.Mvc.MvcHandler.BeginProcessRequest(HttpContextBase httpContext, AsyncCallback callback, Object state)
   konum: System.Web.HttpApplication.CallHandlerExecutionStep.System.Web.HttpApplication.IExecutionStep.Execute()
   konum: System.Web.HttpApplication.ExecuteStepImpl(IExecutionStep step)
   konum: System.Web.HttpApplication.ExecuteStep(IExecutionStep step, Boolean& completedSynchronously)
--------------------------------------------------------------------------------

[ERROR] 2025-12-20 00:46:08
Message: Uygulama hatası
Exception: HttpException
Message: The controller for path '/Error' was not found or does not implement IController.
StackTrace:    konum: System.Web.Mvc.DefaultControllerFactory.GetControllerInstance(RequestContext requestContext, Type controllerType)
   konum: System.Web.Mvc.MvcHandler.ProcessRequestInit(HttpContextBase httpContext, IController& controller, IControllerFactory& factory)
   konum: System.Web.Mvc.MvcHandler.BeginProcessRequest(HttpContextBase httpContext, AsyncCallback callback, Object state)
   konum: System.Web.HttpApplication.CallHandlerExecutionStep.System.Web.HttpApplication.IExecutionStep.Execute()
   konum: System.Web.HttpApplication.ExecuteStepImpl(IExecutionStep step)
   konum: System.Web.HttpApplication.ExecuteStep(IExecutionStep step, Boolean& completedSynchronously)
--------------------------------------------------------------------------------

[ERROR] 2025-12-20 00:46:08
Message: Uygulama hatası
Exception: HttpException
Message: The controller for path '/Error' was not found or does not implement IController.
StackTrace:    konum: System.Web.Mvc.DefaultControllerFactory.GetControllerInstance(RequestContext requestContext, Type controllerType)
   konum: System.Web.Mvc.MvcHandler.ProcessRequestInit(HttpContextBase httpContext, IController& controller, IControllerFactory& factory)
   konum: System.Web.Mvc.MvcHandler.BeginProcessRequest(HttpContextBase httpContext, AsyncCallback callback, Object state)
   konum: System.Web.HttpApplication.CallHandlerExecutionStep.System.Web.HttpApplication.IExecutionStep.Execute()
   konum: System.Web.HttpApplication.ExecuteStepImpl(IExecutionStep step)
   konum: System.Web.HttpApplication.ExecuteStep(IExecutionStep step, Boolean& completedSynchronously)
--------------------------------------------------------------------------------

[ERROR] 2025-12-20 00:46:08
Message: Uygulama hatası
Exception: HttpException
Message: The controller for path '/Error' was not found or does not implement IController.
StackTrace:    konum: System.Web.Mvc.DefaultControllerFactory.GetControllerInstance(RequestContext requestContext, Type controllerType)
   konum: System.Web.Mvc.MvcHandler.ProcessRequestInit(HttpContextBase httpContext, IController& controller, IControllerFactory& factory)
   konum: System.Web.Mvc.MvcHandler.BeginProcessRequest(HttpContextBase httpContext, AsyncCallback callback, Object state)
   konum: System.Web.HttpApplication.CallHandlerExecutionStep.System.Web.HttpApplication.IExecutionStep.Execute()
   konum: System.Web.HttpApplication.ExecuteStepImpl(IExecutionStep step)
   konum: System.Web.HttpApplication.ExecuteStep(IExecutionStep step, Boolean& completedSynchronously)
--------------------------------------------------------------------------------

[ERROR] 2025-12-20 00:46:08
Message: Uygulama hatası
Exception: HttpException
Message: The controller for path '/Error' was not found or does not implement IController.
StackTrace:    konum: System.Web.Mvc.DefaultControllerFactory.GetControllerInstance(RequestContext requestContext, Type controllerType)
   konum: System.Web.Mvc.MvcHandler.ProcessRequestInit(HttpContextBase httpContext, IController& controller, IControllerFactory& factory)
   konum: System.Web.Mvc.MvcHandler.BeginProcessRequest(HttpContextBase httpContext, AsyncCallback callback, Object state)
   konum: System.Web.HttpApplication.CallHandlerExecutionStep.System.Web.HttpApplication.IExecutionStep.Execute()
   konum: System.Web.HttpApplication.ExecuteStepImpl(IExecutionStep step)
   konum: System.Web.HttpApplication.ExecuteStep(IExecutionStep step, Boolean& completedSynchronously)
--------------------------------------------------------------------------------

[ERROR] 2025-12-20 00:46:08
Message: Uygulama hatası
Exception: HttpException
Message: The controller for path '/Error' was not found or does not implement IController.
StackTrace:    konum: System.Web.Mvc.DefaultControllerFactory.GetControllerInstance(RequestContext requestContext, Type controllerType)
   konum: System.Web.Mvc.MvcHandler.ProcessRequestInit(HttpContextBase httpContext, IController& controller, IControllerFactory& factory)
   konum: System.Web.Mvc.MvcHandler.BeginProcessRequest(HttpContextBase httpContext, AsyncCallback callback, Object state)
   konum: System.Web.HttpApplication.CallHandlerExecutionStep.System.Web.HttpApplication.IExecutionStep.Execute()
   konum: System.Web.HttpApplication.ExecuteStepImpl(IExecutionStep step)
   konum: System.Web.HttpApplication.ExecuteStep(IExecutionStep step, Boolean& completedSynchronously)
--------------------------------------------------------------------------------

[ERROR] 2025-12-20 00:46:09
Message: Uygulama hatası
Exception: HttpException
Message: The controller for path '/Error' was not found or does not implement IController.
StackTrace:    konum: System.Web.Mvc.DefaultControllerFactory.GetControllerInstance(RequestContext requestContext, Type controllerType)
   konum: System.Web.Mvc.MvcHandler.ProcessRequestInit(HttpContextBase httpContext, IController& controller, IControllerFactory& factory)
   konum: System.Web.Mvc.MvcHandler.BeginProcessRequest(HttpContextBase httpContext, AsyncCallback callback, Object state)
   konum: System.Web.HttpApplication.CallHandlerExecutionStep.System.Web.HttpApplication.IExecutionStep.Execute()
   konum: System.Web.HttpApplication.ExecuteStepImpl(IExecutionStep step)
   konum: System.Web.HttpApplication.ExecuteStep(IExecutionStep step, Boolean& completedSynchronously)
--------------------------------------------------------------------------------

[ERROR] 2025-12-20 00:46:09
Message: Uygulama hatası
Exception: HttpException
Message: The controller for path '/Error' was not found or does not implement IController.
StackTrace:    konum: System.Web.Mvc.DefaultControllerFactory.GetControllerInstance(RequestContext requestContext, Type controllerType)
   konum: System.Web.Mvc.MvcHandler.ProcessRequestInit(HttpContextBase httpContext, IController& controller, IControllerFactory& factory)
   konum: System.Web.Mvc.MvcHandler.BeginProcessRequest(HttpContextBase httpContext, AsyncCallback callback, Object state)
   konum: System.Web.HttpApplication.CallHandlerExecutionStep.System.Web.HttpApplication.IExecutionStep.Execute()
   konum: System.Web.HttpApplication.ExecuteStepImpl(IExecutionStep step)
   konum: System.Web.HttpApplication.ExecuteStep(IExecutionStep step, Boolean& completedSynchronously)
--------------------------------------------------------------------------------

[ERROR] 2025-12-20 00:46:09
Message: Uygulama hatası
Exception: HttpException
Message: The controller for path '/Error' was not found or does not implement IController.
StackTrace:    konum: System.Web.Mvc.DefaultControllerFactory.GetControllerInstance(RequestContext requestContext, Type controllerType)
   konum: System.Web.Mvc.MvcHandler.ProcessRequestInit(HttpContextBase httpContext, IController& controller, IControllerFactory& factory)
   konum: System.Web.Mvc.MvcHandler.BeginProcessRequest(HttpContextBase httpContext, AsyncCallback callback, Object state)
   konum: System.Web.HttpApplication.CallHandlerExecutionStep.System.Web.HttpApplication.IExecutionStep.Execute()
   konum: System.Web.HttpApplication.ExecuteStepImpl(IExecutionStep step)
   konum: System.Web.HttpApplication.ExecuteStep(IExecutionStep step, Boolean& completedSynchronously)
--------------------------------------------------------------------------------

[ERROR] 2025-12-20 00:46:09
Message: Uygulama hatası
Exception: HttpException
Message: The controller for path '/Error' was not found or does not implement IController.
StackTrace:    konum: System.Web.Mvc.DefaultControllerFactory.GetControllerInstance(RequestContext requestContext, Type controllerType)
   konum: System.Web.Mvc.MvcHandler.ProcessRequestInit(HttpContextBase httpContext, IController& controller, IControllerFactory& factory)
   konum: System.Web.Mvc.MvcHandler.BeginProcessRequest(HttpContextBase httpContext, AsyncCallback callback, Object state)
   konum: System.Web.HttpApplication.CallHandlerExecutionStep.System.Web.HttpApplication.IExecutionStep.Execute()
   konum: System.Web.HttpApplication.ExecuteStepImpl(IExecutionStep step)
   konum: System.Web.HttpApplication.ExecuteStep(IExecutionStep step, Boolean& completedSynchronously)
--------------------------------------------------------------------------------

[ERROR] 2025-12-20 00:46:09
Message: Uygulama hatası
Exception: HttpException
Message: The controller for path '/Error' was not found or does not implement IController.
StackTrace:    konum: System.Web.Mvc.DefaultControllerFactory.GetControllerInstance(RequestContext requestContext, Type controllerType)
   konum: System.Web.Mvc.MvcHandler.ProcessRequestInit(HttpContextBase httpContext, IController& controller, IControllerFactory& factory)
   konum: System.Web.Mvc.MvcHandler.BeginProcessRequest(HttpContextBase httpContext, AsyncCallback callback, Object state)
   konum: System.Web.HttpApplication.CallHandlerExecutionStep.System.Web.HttpApplication.IExecutionStep.Execute()
   konum: System.Web.HttpApplication.ExecuteStepImpl(IExecutionStep step)
   konum: System.Web.HttpApplication.ExecuteStep(IExecutionStep step, Boolean& completedSynchronously)
--------------------------------------------------------------------------------

[ERROR] 2025-12-20 00:46:09
Message: Uygulama hatası
Exception: HttpException
Message: The controller for path '/Error' was not found or does not implement IController.
StackTrace:    konum: System.Web.Mvc.DefaultControllerFactory.GetControllerInstance(RequestContext requestContext, Type controllerType)
   konum: System.Web.Mvc.MvcHandler.ProcessRequestInit(HttpContextBase httpContext, IController& controller, IControllerFactory& factory)
   konum: System.Web.Mvc.MvcHandler.BeginProcessRequest(HttpContextBase httpContext, AsyncCallback callback, Object state)
   konum: System.Web.HttpApplication.CallHandlerExecutionStep.System.Web.HttpApplication.IExecutionStep.Execute()
   konum: System.Web.HttpApplication.ExecuteStepImpl(IExecutionStep step)
   konum: System.Web.HttpApplication.ExecuteStep(IExecutionStep step, Boolean& completedSynchronously)
--------------------------------------------------------------------------------

[ERROR] 2025-12-20 00:46:09
Message: Uygulama hatası
Exception: HttpException
Message: The controller for path '/Error' was not found or does not implement IController.
StackTrace:    konum: System.Web.Mvc.DefaultControllerFactory.GetControllerInstance(RequestContext requestContext, Type controllerType)
   konum: System.Web.Mvc.MvcHandler.ProcessRequestInit(HttpContextBase httpContext, IController& controller, IControllerFactory& factory)
   konum: System.Web.Mvc.MvcHandler.BeginProcessRequest(HttpContextBase httpContext, AsyncCallback callback, Object state)
   konum: System.Web.HttpApplication.CallHandlerExecutionStep.System.Web.HttpApplication.IExecutionStep.Execute()
   konum: System.Web.HttpApplication.ExecuteStepImpl(IExecutionStep step)
   konum: System.Web.HttpApplication.ExecuteStep(IExecutionStep step, Boolean& completedSynchronously)
--------------------------------------------------------------------------------

[ERROR] 2025-12-20 00:46:09
Message: Uygulama hatası
Exception: HttpException
Message: The controller for path '/Error' was not found or does not implement IController.
StackTrace:    konum: System.Web.Mvc.DefaultControllerFactory.GetControllerInstance(RequestContext requestContext, Type controllerType)
   konum: System.Web.Mvc.MvcHandler.ProcessRequestInit(HttpContextBase httpContext, IController& controller, IControllerFactory& factory)
   konum: System.Web.Mvc.MvcHandler.BeginProcessRequest(HttpContextBase httpContext, AsyncCallback callback, Object state)
   konum: System.Web.HttpApplication.CallHandlerExecutionStep.System.Web.HttpApplication.IExecutionStep.Execute()
   konum: System.Web.HttpApplication.ExecuteStepImpl(IExecutionStep step)
   konum: System.Web.HttpApplication.ExecuteStep(IExecutionStep step, Boolean& completedSynchronously)
--------------------------------------------------------------------------------

[ERROR] 2025-12-20 00:46:09
Message: Uygulama hatası
Exception: HttpException
Message: The controller for path '/Error' was not found or does not implement IController.
StackTrace:    konum: System.Web.Mvc.DefaultControllerFactory.GetControllerInstance(RequestContext requestContext, Type controllerType)
   konum: System.Web.Mvc.MvcHandler.ProcessRequestInit(HttpContextBase httpContext, IController& controller, IControllerFactory& factory)
   konum: System.Web.Mvc.MvcHandler.BeginProcessRequest(HttpContextBase httpContext, AsyncCallback callback, Object state)
   konum: System.Web.HttpApplication.CallHandlerExecutionStep.System.Web.HttpApplication.IExecutionStep.Execute()
   konum: System.Web.HttpApplication.ExecuteStepImpl(IExecutionStep step)
   konum: System.Web.HttpApplication.ExecuteStep(IExecutionStep step, Boolean& completedSynchronously)
--------------------------------------------------------------------------------

[ERROR] 2025-12-20 00:46:09
Message: Uygulama hatası
Exception: HttpException
Message: The controller for path '/Error' was not found or does not implement IController.
StackTrace:    konum: System.Web.Mvc.DefaultControllerFactory.GetControllerInstance(RequestContext requestContext, Type controllerType)
   konum: System.Web.Mvc.MvcHandler.ProcessRequestInit(HttpContextBase httpContext, IController& controller, IControllerFactory& factory)
   konum: System.Web.Mvc.MvcHandler.BeginProcessRequest(HttpContextBase httpContext, AsyncCallback callback, Object state)
   konum: System.Web.HttpApplication.CallHandlerExecutionStep.System.Web.HttpApplication.IExecutionStep.Execute()
   konum: System.Web.HttpApplication.ExecuteStepImpl(IExecutionStep step)
   konum: System.Web.HttpApplication.ExecuteStep(IExecutionStep step, Boolean& completedSynchronously)
--------------------------------------------------------------------------------

